<?xml version="1.0" encoding="UTF-8"?>
<testng-results total="1" passed="1" failed="0" skipped="0">
  <reporter-output>
  </reporter-output>
  <suite started-at="2022-08-14T20:14:14Z" name="TestNgMavenExampleSuite" finished-at="2022-08-14T20:14:18Z" duration-ms="4407">
    <groups>
    </groups>
    <test started-at="2022-08-14T20:14:14Z" name="TestNgMavenTest" finished-at="2022-08-14T20:14:18Z" duration-ms="4407">
      <class name="tests.AddToCart">
        <test-method is-config="true" signature="setUpEnvironment()[pri:0, instance:tests.AddToCart@510f3d34]" started-at="2022-08-14T22:14:09Z" name="setUpEnvironment" finished-at="2022-08-14T22:14:14Z" duration-ms="4384" status="PASS">
          <reporter-output>
          </reporter-output>
        </test-method> <!-- setUpEnvironment -->
        <test-method signature="checkAddToCart()[pri:0, instance:tests.AddToCart@510f3d34]" started-at="2022-08-14T22:14:14Z" name="checkAddToCart" finished-at="2022-08-14T22:14:18Z" duration-ms="4394" status="PASS">
          <reporter-output>
          </reporter-output>
        </test-method> <!-- checkAddToCart -->
        <test-method is-config="true" signature="tearDown()[pri:0, instance:tests.AddToCart@510f3d34]" started-at="2022-08-14T22:14:18Z" name="tearDown" finished-at="2022-08-14T22:14:18Z" duration-ms="270" status="PASS">
          <reporter-output>
          </reporter-output>
        </test-method> <!-- tearDown -->
      </class> <!-- tests.AddToCart -->
    </test> <!-- TestNgMavenTest -->
  </suite> <!-- TestNgMavenExampleSuite -->
</testng-results>
